<?xml version="1.0" encoding="UTF-8"?>
<testsuite xmlns:xsi="http://www.w3.org/2001/XMLSchema-instance" xsi:noNamespaceSchemaLocation="https://maven.apache.org/surefire/maven-surefire-plugin/xsd/surefire-test-report.xsd" version="3.0.2" name="io.github.logassert.assertj.LogsAssertTest" time="0.038" tests="24" errors="0" skipped="0" failures="0">
  <properties>
[...]
</properties>
  <testcase name="hasSize_passes_whenCountMatches" classname="io.github.logassert.assertj.LogsAssertTest" time="0.001"/>
  <testcase name="containingMessage_filtersOnFormattedMessage" classname="io.github.logassert.assertj.LogsAssertTest" time="0.001"/>
  <testcase name="atLevel_noMatch_returnsEmptyList" classname="io.github.logassert.assertj.LogsAssertTest" time="0.001"/>
  <testcase name="atLevel_multipleMatches_returnsAll" classname="io.github.logassert.assertj.LogsAssertTest" time="0.0"/>
  <testcase name="isNotEmpty_fails_withDescriptiveMessage" classname="io.github.logassert.assertj.LogsAssertTest" time="0.001"/>
  <testcase name="isNotEmpty_passes_whenEntriesExist" classname="io.github.logassert.assertj.LogsAssertTest" time="0.001"/>
  <testcase name="withMdcEntry_keepsOnlyMatchingEntries" classname="io.github.logassert.assertj.LogsAssertTest" time="0.001"/>
  <testcase name="hasSize_fails_withFullEntryListInMessage" classname="io.github.logassert.assertj.LogsAssertTest" time="0.009"/>
  <testcase name="fromLogger_withString_usesPrefixMatch" classname="io.github.logassert.assertj.LogsAssertTest" time="0.002"/>
  <testcase name="last_returnsLastEntry" classname="io.github.logassert.assertj.LogsAssertTest" time="0.001"/>
  <testcase name="fromLogger_withClass_usesPrefixMatch" classname="io.github.logassert.assertj.LogsAssertTest" time="0.001"/>
  <testcase name="single_fails_withAssertionError_whenNoEntries" classname="io.github.logassert.assertj.LogsAssertTest" time="0.001"/>
  <testcase name="atLevel_keepsOnlyEntriesAtThatLevel" classname="io.github.logassert.assertj.LogsAssertTest" time="0.001"/>
  <testcase name="single_returnsLogEntryAssert_whenExactlyOneEntry" classname="io.github.logassert.assertj.LogsAssertTest" time="0.001"/>
  <testcase name="isEmpty_passes_onEmptyList" classname="io.github.logassert.assertj.LogsAssertTest" time="0.001"/>
  <testcase name="filterChaining_threeLayers" classname="io.github.logassert.assertj.LogsAssertTest" time="0.001"/>
  <testcase name="hasSize_fails_forEmptyList_showsNone" classname="io.github.logassert.assertj.LogsAssertTest" time="0.001"/>
  <testcase name="first_returnsFirstEntry" classname="io.github.logassert.assertj.LogsAssertTest" time="0.001"/>
  <testcase name="hasSize_failureMessage_includesThrowableSimpleClassName" classname="io.github.logassert.assertj.LogsAssertTest" time="0.001"/>
  <testcase name="fromLogger_exactMatch_alsoWorks" classname="io.github.logassert.assertj.LogsAssertTest" time="0.0"/>
  <testcase name="containingMessage_caseSensitive" classname="io.github.logassert.assertj.LogsAssertTest" time="0.0"/>
  <testcase name="filterChaining_atLevelThenContainingMessage" classname="io.github.logassert.assertj.LogsAssertTest" time="0.0"/>
  <testcase name="single_fails_withAssertionError_whenTwoEntries" classname="io.github.logassert.assertj.LogsAssertTest" time="0.001"/>
  <testcase name="isEmpty_fails_withEntryListInMessage" classname="io.github.logassert.assertj.LogsAssertTest" time="0.001"/>
</testsuite>